ERROR big bad
FATAL very bad fatal thing
ERROR big bad
FATAL very bad fatal thing
ERROR big bad
FATAL very bad fatal thing
ERROR an error occurred
ERROR an error occurred
ERROR big bad
FATAL very bad fatal thing
ERROR some error
ERROR another error
ERROR big bad
FATAL very bad fatal thing
ERROR some error
ERROR another error
ERROR big bad
FATAL very bad fatal thing
ERROR some error
ERROR another error
FATAL eish, we end now
ERROR big bad
FATAL very bad fatal thing
ERROR some error
ERROR another error
FATAL eish, we end now
ERROR big bad
FATAL very bad fatal thing
ERROR some error
ERROR another error
FATAL eish, we end now
ERROR big bad
FATAL very bad fatal thing
ERROR some error
ERROR another error
FATAL eish, we end now
ERROR big bad
FATAL very bad fatal thing
ERROR some error
ERROR another error
FATAL eish, we end now
ERROR big bad
FATAL very bad fatal thing
ERROR some error
ERROR another error
FATAL eish, we end now
